[0.701s] DEBUG:colcon:Command line arguments: ['/usr/bin/colcon', 'build']
[0.702s] DEBUG:colcon:Parsed command line arguments: Namespace(log_base=None, log_level=None, verb_name='build', build_base='build', install_base='install', merge_install=False, symlink_install=False, test_result_base=None, continue_on_error=False, executor='parallel', parallel_workers=4, event_handlers=None, ignore_user_meta=False, metas=['./colcon.meta'], base_paths=['.'], packages_ignore=None, packages_ignore_regex=None, paths=None, packages_up_to=None, packages_up_to_regex=None, packages_above=None, packages_above_and_dependencies=None, packages_above_depth=None, packages_select_by_dep=None, packages_skip_by_dep=None, packages_skip_up_to=None, packages_select_build_failed=False, packages_skip_build_finished=False, packages_select_test_failures=False, packages_skip_test_passed=False, packages_select=None, packages_skip=None, packages_select_regex=None, packages_skip_regex=None, packages_start=None, packages_end=None, allow_overriding=[], cmake_args=None, cmake_target=None, cmake_target_skip_unavailable=False, cmake_clean_cache=False, cmake_clean_first=False, cmake_force_configure=False, ament_cmake_args=None, catkin_cmake_args=None, catkin_skip_building_tests=False, mixin_files=None, mixin=None, verb_parser=<colcon_mixin.mixin.mixin_argument.MixinArgumentDecorator object at 0xffff9aa21e40>, verb_extension=<colcon_core.verb.build.BuildVerb object at 0xffff9ab42440>, main=<bound method BuildVerb.main of <colcon_core.verb.build.BuildVerb object at 0xffff9ab42440>>, mixin_verb=('build',))
[2.013s] Level 1:colcon.colcon_core.package_discovery:discover_packages(colcon_meta) check parameters
[2.014s] Level 1:colcon.colcon_core.package_discovery:discover_packages(recursive) check parameters
[2.014s] Level 1:colcon.colcon_core.package_discovery:discover_packages(ignore) check parameters
[2.015s] Level 1:colcon.colcon_core.package_discovery:discover_packages(path) check parameters
[2.015s] Level 1:colcon.colcon_core.package_discovery:discover_packages(colcon_meta) discover
[2.015s] Level 1:colcon.colcon_core.package_discovery:discover_packages(recursive) discover
[2.016s] INFO:colcon.colcon_core.package_discovery:Crawling recursively for packages in '/home/colin/amr_v4_station'
[2.018s] Level 1:colcon.colcon_core.package_identification:_identify(.) by extensions ['ignore', 'ignore_ament_install']
[2.019s] Level 1:colcon.colcon_core.package_identification:_identify(.) by extension 'ignore'
[2.019s] Level 1:colcon.colcon_core.package_identification:_identify(.) by extension 'ignore_ament_install'
[2.020s] Level 1:colcon.colcon_core.package_identification:_identify(.) by extensions ['colcon_pkg']
[2.020s] Level 1:colcon.colcon_core.package_identification:_identify(.) by extension 'colcon_pkg'
[2.020s] Level 1:colcon.colcon_core.package_identification:_identify(.) by extensions ['colcon_meta']
[2.020s] Level 1:colcon.colcon_core.package_identification:_identify(.) by extension 'colcon_meta'
[2.021s] Level 1:colcon.colcon_core.package_identification:_identify(.) by extensions ['ros']
[2.021s] Level 1:colcon.colcon_core.package_identification:_identify(.) by extension 'ros'
[2.069s] Level 1:colcon.colcon_core.package_identification:_identify(.) by extensions ['cmake', 'python']
[2.069s] Level 1:colcon.colcon_core.package_identification:_identify(.) by extension 'cmake'
[2.070s] Level 1:colcon.colcon_core.package_identification:_identify(.) by extension 'python'
[2.070s] Level 1:colcon.colcon_core.package_identification:_identify(.) by extensions ['python_setup_py']
[2.070s] Level 1:colcon.colcon_core.package_identification:_identify(.) by extension 'python_setup_py'
[2.071s] Level 1:colcon.colcon_core.package_identification:_identify(build) by extensions ['ignore', 'ignore_ament_install']
[2.071s] Level 1:colcon.colcon_core.package_identification:_identify(build) by extension 'ignore'
[2.071s] Level 1:colcon.colcon_core.package_identification:_identify(build) ignored
[2.072s] Level 1:colcon.colcon_core.package_identification:_identify(install) by extensions ['ignore', 'ignore_ament_install']
[2.072s] Level 1:colcon.colcon_core.package_identification:_identify(install) by extension 'ignore'
[2.073s] Level 1:colcon.colcon_core.package_identification:_identify(install) ignored
[2.075s] Level 1:colcon.colcon_core.package_identification:_identify(log) by extensions ['ignore', 'ignore_ament_install']
[2.075s] Level 1:colcon.colcon_core.package_identification:_identify(log) by extension 'ignore'
[2.075s] Level 1:colcon.colcon_core.package_identification:_identify(log) ignored
[2.076s] Level 1:colcon.colcon_core.package_identification:_identify(src) by extensions ['ignore', 'ignore_ament_install']
[2.076s] Level 1:colcon.colcon_core.package_identification:_identify(src) by extension 'ignore'
[2.076s] Level 1:colcon.colcon_core.package_identification:_identify(src) by extension 'ignore_ament_install'
[2.077s] Level 1:colcon.colcon_core.package_identification:_identify(src) by extensions ['colcon_pkg']
[2.077s] Level 1:colcon.colcon_core.package_identification:_identify(src) by extension 'colcon_pkg'
[2.077s] Level 1:colcon.colcon_core.package_identification:_identify(src) by extensions ['colcon_meta']
[2.077s] Level 1:colcon.colcon_core.package_identification:_identify(src) by extension 'colcon_meta'
[2.077s] Level 1:colcon.colcon_core.package_identification:_identify(src) by extensions ['ros']
[2.078s] Level 1:colcon.colcon_core.package_identification:_identify(src) by extension 'ros'
[2.078s] Level 1:colcon.colcon_core.package_identification:_identify(src) by extensions ['cmake', 'python']
[2.078s] Level 1:colcon.colcon_core.package_identification:_identify(src) by extension 'cmake'
[2.078s] Level 1:colcon.colcon_core.package_identification:_identify(src) by extension 'python'
[2.079s] Level 1:colcon.colcon_core.package_identification:_identify(src) by extensions ['python_setup_py']
[2.079s] Level 1:colcon.colcon_core.package_identification:_identify(src) by extension 'python_setup_py'
[2.079s] Level 1:colcon.colcon_core.package_identification:_identify(src/amr_v4_station) by extensions ['ignore', 'ignore_ament_install']
[2.080s] Level 1:colcon.colcon_core.package_identification:_identify(src/amr_v4_station) by extension 'ignore'
[2.080s] Level 1:colcon.colcon_core.package_identification:_identify(src/amr_v4_station) by extension 'ignore_ament_install'
[2.080s] Level 1:colcon.colcon_core.package_identification:_identify(src/amr_v4_station) by extensions ['colcon_pkg']
[2.080s] Level 1:colcon.colcon_core.package_identification:_identify(src/amr_v4_station) by extension 'colcon_pkg'
[2.080s] Level 1:colcon.colcon_core.package_identification:_identify(src/amr_v4_station) by extensions ['colcon_meta']
[2.081s] Level 1:colcon.colcon_core.package_identification:_identify(src/amr_v4_station) by extension 'colcon_meta'
[2.081s] Level 1:colcon.colcon_core.package_identification:_identify(src/amr_v4_station) by extensions ['ros']
[2.081s] Level 1:colcon.colcon_core.package_identification:_identify(src/amr_v4_station) by extension 'ros'
[2.091s] DEBUG:colcon.colcon_core.package_identification:Package 'src/amr_v4_station' with type 'ros.ament_python' and name 'amr_v4_station'
[2.091s] Level 1:colcon.colcon_core.package_discovery:discover_packages(recursive) using defaults
[2.092s] Level 1:colcon.colcon_core.package_discovery:discover_packages(ignore) discover
[2.092s] Level 1:colcon.colcon_core.package_discovery:discover_packages(ignore) using defaults
[2.092s] Level 1:colcon.colcon_core.package_discovery:discover_packages(path) discover
[2.092s] Level 1:colcon.colcon_core.package_discovery:discover_packages(path) using defaults
[2.216s] Level 1:colcon.colcon_core.package_discovery:discover_packages(prefix_path) check parameters
[2.216s] Level 1:colcon.colcon_core.package_discovery:discover_packages(prefix_path) discover
[2.226s] DEBUG:colcon.colcon_installed_package_information.package_discovery:Found 1 installed packages in /home/colin/amr_v4_station/install
[2.235s] DEBUG:colcon.colcon_installed_package_information.package_discovery:Found 270 installed packages in /opt/ros/humble
[2.241s] Level 1:colcon.colcon_core.package_discovery:discover_packages(prefix_path) using defaults
[2.410s] Level 5:colcon.colcon_core.verb:set package 'amr_v4_station' build argument 'cmake_args' from command line to 'None'
[2.410s] Level 5:colcon.colcon_core.verb:set package 'amr_v4_station' build argument 'cmake_target' from command line to 'None'
[2.410s] Level 5:colcon.colcon_core.verb:set package 'amr_v4_station' build argument 'cmake_target_skip_unavailable' from command line to 'False'
[2.410s] Level 5:colcon.colcon_core.verb:set package 'amr_v4_station' build argument 'cmake_clean_cache' from command line to 'False'
[2.410s] Level 5:colcon.colcon_core.verb:set package 'amr_v4_station' build argument 'cmake_clean_first' from command line to 'False'
[2.410s] Level 5:colcon.colcon_core.verb:set package 'amr_v4_station' build argument 'cmake_force_configure' from command line to 'False'
[2.411s] Level 5:colcon.colcon_core.verb:set package 'amr_v4_station' build argument 'ament_cmake_args' from command line to 'None'
[2.411s] Level 5:colcon.colcon_core.verb:set package 'amr_v4_station' build argument 'catkin_cmake_args' from command line to 'None'
[2.411s] Level 5:colcon.colcon_core.verb:set package 'amr_v4_station' build argument 'catkin_skip_building_tests' from command line to 'False'
[2.411s] DEBUG:colcon.colcon_core.verb:Building package 'amr_v4_station' with the following arguments: {'ament_cmake_args': None, 'build_base': '/home/colin/amr_v4_station/build/amr_v4_station', 'catkin_cmake_args': None, 'catkin_skip_building_tests': False, 'cmake_args': None, 'cmake_clean_cache': False, 'cmake_clean_first': False, 'cmake_force_configure': False, 'cmake_target': None, 'cmake_target_skip_unavailable': False, 'install_base': '/home/colin/amr_v4_station/install/amr_v4_station', 'merge_install': False, 'path': '/home/colin/amr_v4_station/src/amr_v4_station', 'symlink_install': False, 'test_result_base': None}
[2.412s] INFO:colcon.colcon_core.executor:Executing jobs using 'parallel' executor
[2.415s] DEBUG:colcon.colcon_parallel_executor.executor.parallel:run_until_complete
[2.416s] INFO:colcon.colcon_ros.task.ament_python.build:Building ROS package in '/home/colin/amr_v4_station/src/amr_v4_station' with build type 'ament_python'
[2.417s] Level 1:colcon.colcon_core.shell:create_environment_hook('amr_v4_station', 'ament_prefix_path')
[2.426s] INFO:colcon.colcon_core.plugin_system:Skipping extension 'colcon_core.shell.bat': Not used on non-Windows systems
[2.427s] INFO:colcon.colcon_core.shell:Creating environment hook '/home/colin/amr_v4_station/install/amr_v4_station/share/amr_v4_station/hook/ament_prefix_path.ps1'
[2.430s] INFO:colcon.colcon_core.shell:Creating environment descriptor '/home/colin/amr_v4_station/install/amr_v4_station/share/amr_v4_station/hook/ament_prefix_path.dsv'
[2.435s] INFO:colcon.colcon_core.shell:Creating environment hook '/home/colin/amr_v4_station/install/amr_v4_station/share/amr_v4_station/hook/ament_prefix_path.sh'
[2.441s] INFO:colcon.colcon_core.shell:Skip shell extension 'powershell' for command environment: Not usable outside of PowerShell
[2.441s] DEBUG:colcon.colcon_core.shell:Skip shell extension 'dsv' for command environment
[3.750s] WARNING:colcon.colcon_ros.task.ament_python.build:Package 'amr_v4_station' doesn't explicitly install the 'package.xml' file (colcon-ros currently does it implicitly but that fallback will be removed in the future)
[3.752s] INFO:colcon.colcon_core.task.python.build:Building Python package in '/home/colin/amr_v4_station/src/amr_v4_station'
[3.753s] INFO:colcon.colcon_core.shell:Skip shell extension 'powershell' for command environment: Not usable outside of PowerShell
[3.753s] DEBUG:colcon.colcon_core.shell:Skip shell extension 'dsv' for command environment
[5.341s] DEBUG:colcon.colcon_core.event_handler.log_command:Invoking command in '/home/colin/amr_v4_station/src/amr_v4_station': PYTHONPATH=/home/colin/amr_v4_station/build/amr_v4_station/prefix_override:/home/colin/amr_v4_station/install/amr_v4_station/lib/python3.10/site-packages:${PYTHONPATH} /usr/bin/python3 -W ignore:setup.py install is deprecated setup.py egg_info --egg-base ../../build/amr_v4_station build --build-base /home/colin/amr_v4_station/build/amr_v4_station/build install --record /home/colin/amr_v4_station/build/amr_v4_station/install.log --single-version-externally-managed install_data
[6.739s] DEBUG:colcon.colcon_core.event_handler.log_command:Invoked command in '/home/colin/amr_v4_station/src/amr_v4_station' returned '0': PYTHONPATH=/home/colin/amr_v4_station/build/amr_v4_station/prefix_override:/home/colin/amr_v4_station/install/amr_v4_station/lib/python3.10/site-packages:${PYTHONPATH} /usr/bin/python3 -W ignore:setup.py install is deprecated setup.py egg_info --egg-base ../../build/amr_v4_station build --build-base /home/colin/amr_v4_station/build/amr_v4_station/build install --record /home/colin/amr_v4_station/build/amr_v4_station/install.log --single-version-externally-managed install_data
[6.750s] Level 1:colcon.colcon_core.environment:checking '/home/colin/amr_v4_station/install/amr_v4_station' for CMake module files
[6.753s] Level 1:colcon.colcon_core.environment:checking '/home/colin/amr_v4_station/install/amr_v4_station' for CMake config files
[6.758s] Level 1:colcon.colcon_core.environment:checking '/home/colin/amr_v4_station/install/amr_v4_station/lib'
[6.759s] Level 1:colcon.colcon_core.environment:checking '/home/colin/amr_v4_station/install/amr_v4_station/bin'
[6.759s] Level 1:colcon.colcon_core.environment:checking '/home/colin/amr_v4_station/install/amr_v4_station/lib/pkgconfig/amr_v4_station.pc'
[6.760s] Level 1:colcon.colcon_core.environment:checking '/home/colin/amr_v4_station/install/amr_v4_station/lib/python3.10/site-packages'
[6.761s] Level 1:colcon.colcon_core.shell:create_environment_hook('amr_v4_station', 'pythonpath')
[6.762s] INFO:colcon.colcon_core.shell:Creating environment hook '/home/colin/amr_v4_station/install/amr_v4_station/share/amr_v4_station/hook/pythonpath.ps1'
[6.764s] INFO:colcon.colcon_core.shell:Creating environment descriptor '/home/colin/amr_v4_station/install/amr_v4_station/share/amr_v4_station/hook/pythonpath.dsv'
[6.766s] INFO:colcon.colcon_core.shell:Creating environment hook '/home/colin/amr_v4_station/install/amr_v4_station/share/amr_v4_station/hook/pythonpath.sh'
[6.769s] Level 1:colcon.colcon_core.environment:checking '/home/colin/amr_v4_station/install/amr_v4_station/bin'
[6.769s] Level 1:colcon.colcon_core.environment:create_environment_scripts_only(amr_v4_station)
[6.771s] INFO:colcon.colcon_core.shell:Creating package script '/home/colin/amr_v4_station/install/amr_v4_station/share/amr_v4_station/package.ps1'
[6.774s] INFO:colcon.colcon_core.shell:Creating package descriptor '/home/colin/amr_v4_station/install/amr_v4_station/share/amr_v4_station/package.dsv'
[6.778s] INFO:colcon.colcon_core.shell:Creating package script '/home/colin/amr_v4_station/install/amr_v4_station/share/amr_v4_station/package.sh'
[6.783s] INFO:colcon.colcon_core.shell:Creating package script '/home/colin/amr_v4_station/install/amr_v4_station/share/amr_v4_station/package.bash'
[6.788s] INFO:colcon.colcon_core.shell:Creating package script '/home/colin/amr_v4_station/install/amr_v4_station/share/amr_v4_station/package.zsh'
[6.791s] Level 1:colcon.colcon_core.environment:create_file_with_runtime_dependencies(/home/colin/amr_v4_station/install/amr_v4_station/share/colcon-core/packages/amr_v4_station)
[6.794s] DEBUG:colcon.colcon_parallel_executor.executor.parallel:closing loop
[6.796s] DEBUG:colcon.colcon_parallel_executor.executor.parallel:loop closed
[6.796s] DEBUG:colcon.colcon_parallel_executor.executor.parallel:run_until_complete finished with '0'
[6.796s] DEBUG:colcon.colcon_core.event_reactor:joining thread
[6.818s] INFO:colcon.colcon_core.plugin_system:Skipping extension 'colcon_notification.desktop_notification.terminal_notifier': Not used on non-Darwin systems
[6.819s] INFO:colcon.colcon_core.plugin_system:Skipping extension 'colcon_notification.desktop_notification.win32': Not used on non-Windows systems
[6.819s] INFO:colcon.colcon_notification.desktop_notification:Sending desktop notification using 'notify2'
[6.876s] DEBUG:colcon.colcon_core.event_reactor:joined thread
[6.877s] INFO:colcon.colcon_core.shell:Creating prefix script '/home/colin/amr_v4_station/install/local_setup.ps1'
[6.882s] INFO:colcon.colcon_core.shell:Creating prefix util module '/home/colin/amr_v4_station/install/_local_setup_util_ps1.py'
[6.887s] INFO:colcon.colcon_core.shell:Creating prefix chain script '/home/colin/amr_v4_station/install/setup.ps1'
[6.896s] INFO:colcon.colcon_core.shell:Creating prefix script '/home/colin/amr_v4_station/install/local_setup.sh'
[6.900s] INFO:colcon.colcon_core.shell:Creating prefix util module '/home/colin/amr_v4_station/install/_local_setup_util_sh.py'
[6.904s] INFO:colcon.colcon_core.shell:Creating prefix chain script '/home/colin/amr_v4_station/install/setup.sh'
[6.911s] INFO:colcon.colcon_core.shell:Creating prefix script '/home/colin/amr_v4_station/install/local_setup.bash'
[6.915s] INFO:colcon.colcon_core.shell:Creating prefix chain script '/home/colin/amr_v4_station/install/setup.bash'
[6.922s] INFO:colcon.colcon_core.shell:Creating prefix script '/home/colin/amr_v4_station/install/local_setup.zsh'
[6.925s] INFO:colcon.colcon_core.shell:Creating prefix chain script '/home/colin/amr_v4_station/install/setup.zsh'
