[0.753s] DEBUG:colcon:Command line arguments: ['/usr/bin/colcon', 'build']
[0.754s] DEBUG:colcon:Parsed command line arguments: Namespace(log_base=None, log_level=None, verb_name='build', build_base='build', install_base='install', merge_install=False, symlink_install=False, test_result_base=None, continue_on_error=False, executor='parallel', parallel_workers=4, event_handlers=None, ignore_user_meta=False, metas=['./colcon.meta'], base_paths=['.'], packages_ignore=None, packages_ignore_regex=None, paths=None, packages_up_to=None, packages_up_to_regex=None, packages_above=None, packages_above_and_dependencies=None, packages_above_depth=None, packages_select_by_dep=None, packages_skip_by_dep=None, packages_skip_up_to=None, packages_select_build_failed=False, packages_skip_build_finished=False, packages_select_test_failures=False, packages_skip_test_passed=False, packages_select=None, packages_skip=None, packages_select_regex=None, packages_skip_regex=None, packages_start=None, packages_end=None, allow_overriding=[], cmake_args=None, cmake_target=None, cmake_target_skip_unavailable=False, cmake_clean_cache=False, cmake_clean_first=False, cmake_force_configure=False, ament_cmake_args=None, catkin_cmake_args=None, catkin_skip_building_tests=False, mixin_files=None, mixin=None, verb_parser=<colcon_mixin.mixin.mixin_argument.MixinArgumentDecorator object at 0xffff9c181e40>, verb_extension=<colcon_core.verb.build.BuildVerb object at 0xffff9c2a2440>, main=<bound method BuildVerb.main of <colcon_core.verb.build.BuildVerb object at 0xffff9c2a2440>>, mixin_verb=('build',))
[2.006s] Level 1:colcon.colcon_core.package_discovery:discover_packages(colcon_meta) check parameters
[2.007s] Level 1:colcon.colcon_core.package_discovery:discover_packages(recursive) check parameters
[2.007s] Level 1:colcon.colcon_core.package_discovery:discover_packages(ignore) check parameters
[2.008s] Level 1:colcon.colcon_core.package_discovery:discover_packages(path) check parameters
[2.008s] Level 1:colcon.colcon_core.package_discovery:discover_packages(colcon_meta) discover
[2.008s] Level 1:colcon.colcon_core.package_discovery:discover_packages(recursive) discover
[2.009s] INFO:colcon.colcon_core.package_discovery:Crawling recursively for packages in '/home/colin/amr_v4_station'
[2.009s] Level 1:colcon.colcon_core.package_identification:_identify(.) by extensions ['ignore', 'ignore_ament_install']
[2.010s] Level 1:colcon.colcon_core.package_identification:_identify(.) by extension 'ignore'
[2.010s] Level 1:colcon.colcon_core.package_identification:_identify(.) by extension 'ignore_ament_install'
[2.010s] Level 1:colcon.colcon_core.package_identification:_identify(.) by extensions ['colcon_pkg']
[2.011s] Level 1:colcon.colcon_core.package_identification:_identify(.) by extension 'colcon_pkg'
[2.011s] Level 1:colcon.colcon_core.package_identification:_identify(.) by extensions ['colcon_meta']
[2.011s] Level 1:colcon.colcon_core.package_identification:_identify(.) by extension 'colcon_meta'
[2.011s] Level 1:colcon.colcon_core.package_identification:_identify(.) by extensions ['ros']
[2.011s] Level 1:colcon.colcon_core.package_identification:_identify(.) by extension 'ros'
[2.084s] Level 1:colcon.colcon_core.package_identification:_identify(.) by extensions ['cmake', 'python']
[2.085s] Level 1:colcon.colcon_core.package_identification:_identify(.) by extension 'cmake'
[2.085s] Level 1:colcon.colcon_core.package_identification:_identify(.) by extension 'python'
[2.086s] Level 1:colcon.colcon_core.package_identification:_identify(.) by extensions ['python_setup_py']
[2.086s] Level 1:colcon.colcon_core.package_identification:_identify(.) by extension 'python_setup_py'
[2.087s] Level 1:colcon.colcon_core.package_identification:_identify(build) by extensions ['ignore', 'ignore_ament_install']
[2.088s] Level 1:colcon.colcon_core.package_identification:_identify(build) by extension 'ignore'
[2.088s] Level 1:colcon.colcon_core.package_identification:_identify(build) ignored
[2.090s] Level 1:colcon.colcon_core.package_identification:_identify(install) by extensions ['ignore', 'ignore_ament_install']
[2.090s] Level 1:colcon.colcon_core.package_identification:_identify(install) by extension 'ignore'
[2.091s] Level 1:colcon.colcon_core.package_identification:_identify(install) ignored
[2.092s] Level 1:colcon.colcon_core.package_identification:_identify(log) by extensions ['ignore', 'ignore_ament_install']
[2.092s] Level 1:colcon.colcon_core.package_identification:_identify(log) by extension 'ignore'
[2.092s] Level 1:colcon.colcon_core.package_identification:_identify(log) ignored
[2.093s] Level 1:colcon.colcon_core.package_identification:_identify(src) by extensions ['ignore', 'ignore_ament_install']
[2.093s] Level 1:colcon.colcon_core.package_identification:_identify(src) by extension 'ignore'
[2.093s] Level 1:colcon.colcon_core.package_identification:_identify(src) by extension 'ignore_ament_install'
[2.094s] Level 1:colcon.colcon_core.package_identification:_identify(src) by extensions ['colcon_pkg']
[2.094s] Level 1:colcon.colcon_core.package_identification:_identify(src) by extension 'colcon_pkg'
[2.094s] Level 1:colcon.colcon_core.package_identification:_identify(src) by extensions ['colcon_meta']
[2.094s] Level 1:colcon.colcon_core.package_identification:_identify(src) by extension 'colcon_meta'
[2.094s] Level 1:colcon.colcon_core.package_identification:_identify(src) by extensions ['ros']
[2.095s] Level 1:colcon.colcon_core.package_identification:_identify(src) by extension 'ros'
[2.095s] Level 1:colcon.colcon_core.package_identification:_identify(src) by extensions ['cmake', 'python']
[2.095s] Level 1:colcon.colcon_core.package_identification:_identify(src) by extension 'cmake'
[2.095s] Level 1:colcon.colcon_core.package_identification:_identify(src) by extension 'python'
[2.096s] Level 1:colcon.colcon_core.package_identification:_identify(src) by extensions ['python_setup_py']
[2.096s] Level 1:colcon.colcon_core.package_identification:_identify(src) by extension 'python_setup_py'
[2.096s] Level 1:colcon.colcon_core.package_identification:_identify(src/amr_v4_station) by extensions ['ignore', 'ignore_ament_install']
[2.097s] Level 1:colcon.colcon_core.package_identification:_identify(src/amr_v4_station) by extension 'ignore'
[2.097s] Level 1:colcon.colcon_core.package_identification:_identify(src/amr_v4_station) by extension 'ignore_ament_install'
[2.097s] Level 1:colcon.colcon_core.package_identification:_identify(src/amr_v4_station) by extensions ['colcon_pkg']
[2.097s] Level 1:colcon.colcon_core.package_identification:_identify(src/amr_v4_station) by extension 'colcon_pkg'
[2.098s] Level 1:colcon.colcon_core.package_identification:_identify(src/amr_v4_station) by extensions ['colcon_meta']
[2.098s] Level 1:colcon.colcon_core.package_identification:_identify(src/amr_v4_station) by extension 'colcon_meta'
[2.098s] Level 1:colcon.colcon_core.package_identification:_identify(src/amr_v4_station) by extensions ['ros']
[2.098s] Level 1:colcon.colcon_core.package_identification:_identify(src/amr_v4_station) by extension 'ros'
[2.113s] DEBUG:colcon.colcon_core.package_identification:Package 'src/amr_v4_station' with type 'ros.ament_python' and name 'amr_v4_station'
[2.113s] Level 1:colcon.colcon_core.package_discovery:discover_packages(recursive) using defaults
[2.114s] Level 1:colcon.colcon_core.package_discovery:discover_packages(ignore) discover
[2.114s] Level 1:colcon.colcon_core.package_discovery:discover_packages(ignore) using defaults
[2.114s] Level 1:colcon.colcon_core.package_discovery:discover_packages(path) discover
[2.114s] Level 1:colcon.colcon_core.package_discovery:discover_packages(path) using defaults
[2.280s] Level 1:colcon.colcon_core.package_discovery:discover_packages(prefix_path) check parameters
[2.281s] Level 1:colcon.colcon_core.package_discovery:discover_packages(prefix_path) discover
[2.294s] DEBUG:colcon.colcon_installed_package_information.package_discovery:Found 1 installed packages in /home/colin/amr_v4_station/install
[2.304s] DEBUG:colcon.colcon_installed_package_information.package_discovery:Found 270 installed packages in /opt/ros/humble
[2.311s] Level 1:colcon.colcon_core.package_discovery:discover_packages(prefix_path) using defaults
[2.488s] Level 5:colcon.colcon_core.verb:set package 'amr_v4_station' build argument 'cmake_args' from command line to 'None'
[2.488s] Level 5:colcon.colcon_core.verb:set package 'amr_v4_station' build argument 'cmake_target' from command line to 'None'
[2.488s] Level 5:colcon.colcon_core.verb:set package 'amr_v4_station' build argument 'cmake_target_skip_unavailable' from command line to 'False'
[2.488s] Level 5:colcon.colcon_core.verb:set package 'amr_v4_station' build argument 'cmake_clean_cache' from command line to 'False'
[2.488s] Level 5:colcon.colcon_core.verb:set package 'amr_v4_station' build argument 'cmake_clean_first' from command line to 'False'
[2.489s] Level 5:colcon.colcon_core.verb:set package 'amr_v4_station' build argument 'cmake_force_configure' from command line to 'False'
[2.489s] Level 5:colcon.colcon_core.verb:set package 'amr_v4_station' build argument 'ament_cmake_args' from command line to 'None'
[2.489s] Level 5:colcon.colcon_core.verb:set package 'amr_v4_station' build argument 'catkin_cmake_args' from command line to 'None'
[2.489s] Level 5:colcon.colcon_core.verb:set package 'amr_v4_station' build argument 'catkin_skip_building_tests' from command line to 'False'
[2.489s] DEBUG:colcon.colcon_core.verb:Building package 'amr_v4_station' with the following arguments: {'ament_cmake_args': None, 'build_base': '/home/colin/amr_v4_station/build/amr_v4_station', 'catkin_cmake_args': None, 'catkin_skip_building_tests': False, 'cmake_args': None, 'cmake_clean_cache': False, 'cmake_clean_first': False, 'cmake_force_configure': False, 'cmake_target': None, 'cmake_target_skip_unavailable': False, 'install_base': '/home/colin/amr_v4_station/install/amr_v4_station', 'merge_install': False, 'path': '/home/colin/amr_v4_station/src/amr_v4_station', 'symlink_install': False, 'test_result_base': None}
[2.490s] INFO:colcon.colcon_core.executor:Executing jobs using 'parallel' executor
[2.493s] DEBUG:colcon.colcon_parallel_executor.executor.parallel:run_until_complete
[2.494s] INFO:colcon.colcon_ros.task.ament_python.build:Building ROS package in '/home/colin/amr_v4_station/src/amr_v4_station' with build type 'ament_python'
[2.495s] Level 1:colcon.colcon_core.shell:create_environment_hook('amr_v4_station', 'ament_prefix_path')
[2.517s] INFO:colcon.colcon_core.plugin_system:Skipping extension 'colcon_core.shell.bat': Not used on non-Windows systems
[2.519s] INFO:colcon.colcon_core.shell:Creating environment hook '/home/colin/amr_v4_station/install/amr_v4_station/share/amr_v4_station/hook/ament_prefix_path.ps1'
[2.523s] INFO:colcon.colcon_core.shell:Creating environment descriptor '/home/colin/amr_v4_station/install/amr_v4_station/share/amr_v4_station/hook/ament_prefix_path.dsv'
[2.527s] INFO:colcon.colcon_core.shell:Creating environment hook '/home/colin/amr_v4_station/install/amr_v4_station/share/amr_v4_station/hook/ament_prefix_path.sh'
[2.531s] INFO:colcon.colcon_core.shell:Skip shell extension 'powershell' for command environment: Not usable outside of PowerShell
[2.532s] DEBUG:colcon.colcon_core.shell:Skip shell extension 'dsv' for command environment
[3.845s] WARNING:colcon.colcon_ros.task.ament_python.build:Package 'amr_v4_station' doesn't explicitly install the 'package.xml' file (colcon-ros currently does it implicitly but that fallback will be removed in the future)
[3.847s] INFO:colcon.colcon_core.task.python.build:Building Python package in '/home/colin/amr_v4_station/src/amr_v4_station'
[3.848s] INFO:colcon.colcon_core.shell:Skip shell extension 'powershell' for command environment: Not usable outside of PowerShell
[3.848s] DEBUG:colcon.colcon_core.shell:Skip shell extension 'dsv' for command environment
[5.575s] DEBUG:colcon.colcon_core.event_handler.log_command:Invoking command in '/home/colin/amr_v4_station/src/amr_v4_station': PYTHONPATH=/home/colin/amr_v4_station/build/amr_v4_station/prefix_override:/home/colin/amr_v4_station/install/amr_v4_station/lib/python3.10/site-packages:${PYTHONPATH} /usr/bin/python3 -W ignore:setup.py install is deprecated setup.py egg_info --egg-base ../../build/amr_v4_station build --build-base /home/colin/amr_v4_station/build/amr_v4_station/build install --record /home/colin/amr_v4_station/build/amr_v4_station/install.log --single-version-externally-managed install_data
[6.991s] DEBUG:colcon.colcon_core.event_handler.log_command:Invoked command in '/home/colin/amr_v4_station/src/amr_v4_station' returned '0': PYTHONPATH=/home/colin/amr_v4_station/build/amr_v4_station/prefix_override:/home/colin/amr_v4_station/install/amr_v4_station/lib/python3.10/site-packages:${PYTHONPATH} /usr/bin/python3 -W ignore:setup.py install is deprecated setup.py egg_info --egg-base ../../build/amr_v4_station build --build-base /home/colin/amr_v4_station/build/amr_v4_station/build install --record /home/colin/amr_v4_station/build/amr_v4_station/install.log --single-version-externally-managed install_data
[7.016s] Level 1:colcon.colcon_core.environment:checking '/home/colin/amr_v4_station/install/amr_v4_station' for CMake module files
[7.019s] Level 1:colcon.colcon_core.environment:checking '/home/colin/amr_v4_station/install/amr_v4_station' for CMake config files
[7.026s] Level 1:colcon.colcon_core.environment:checking '/home/colin/amr_v4_station/install/amr_v4_station/lib'
[7.027s] Level 1:colcon.colcon_core.environment:checking '/home/colin/amr_v4_station/install/amr_v4_station/bin'
[7.028s] Level 1:colcon.colcon_core.environment:checking '/home/colin/amr_v4_station/install/amr_v4_station/lib/pkgconfig/amr_v4_station.pc'
[7.030s] Level 1:colcon.colcon_core.environment:checking '/home/colin/amr_v4_station/install/amr_v4_station/lib/python3.10/site-packages'
[7.030s] Level 1:colcon.colcon_core.shell:create_environment_hook('amr_v4_station', 'pythonpath')
[7.031s] INFO:colcon.colcon_core.shell:Creating environment hook '/home/colin/amr_v4_station/install/amr_v4_station/share/amr_v4_station/hook/pythonpath.ps1'
[7.034s] INFO:colcon.colcon_core.shell:Creating environment descriptor '/home/colin/amr_v4_station/install/amr_v4_station/share/amr_v4_station/hook/pythonpath.dsv'
[7.037s] INFO:colcon.colcon_core.shell:Creating environment hook '/home/colin/amr_v4_station/install/amr_v4_station/share/amr_v4_station/hook/pythonpath.sh'
[7.041s] Level 1:colcon.colcon_core.environment:checking '/home/colin/amr_v4_station/install/amr_v4_station/bin'
[7.042s] Level 1:colcon.colcon_core.environment:create_environment_scripts_only(amr_v4_station)
[7.043s] INFO:colcon.colcon_core.shell:Creating package script '/home/colin/amr_v4_station/install/amr_v4_station/share/amr_v4_station/package.ps1'
[7.049s] INFO:colcon.colcon_core.shell:Creating package descriptor '/home/colin/amr_v4_station/install/amr_v4_station/share/amr_v4_station/package.dsv'
[7.054s] INFO:colcon.colcon_core.shell:Creating package script '/home/colin/amr_v4_station/install/amr_v4_station/share/amr_v4_station/package.sh'
[7.060s] INFO:colcon.colcon_core.shell:Creating package script '/home/colin/amr_v4_station/install/amr_v4_station/share/amr_v4_station/package.bash'
[7.065s] INFO:colcon.colcon_core.shell:Creating package script '/home/colin/amr_v4_station/install/amr_v4_station/share/amr_v4_station/package.zsh'
[7.073s] Level 1:colcon.colcon_core.environment:create_file_with_runtime_dependencies(/home/colin/amr_v4_station/install/amr_v4_station/share/colcon-core/packages/amr_v4_station)
[7.077s] DEBUG:colcon.colcon_parallel_executor.executor.parallel:closing loop
[7.078s] DEBUG:colcon.colcon_parallel_executor.executor.parallel:loop closed
[7.079s] DEBUG:colcon.colcon_parallel_executor.executor.parallel:run_until_complete finished with '0'
[7.080s] DEBUG:colcon.colcon_core.event_reactor:joining thread
[7.137s] INFO:colcon.colcon_core.plugin_system:Skipping extension 'colcon_notification.desktop_notification.terminal_notifier': Not used on non-Darwin systems
[7.138s] INFO:colcon.colcon_core.plugin_system:Skipping extension 'colcon_notification.desktop_notification.win32': Not used on non-Windows systems
[7.139s] INFO:colcon.colcon_notification.desktop_notification:Sending desktop notification using 'notify2'
[7.302s] DEBUG:colcon.colcon_core.event_reactor:joined thread
[7.304s] INFO:colcon.colcon_core.shell:Creating prefix script '/home/colin/amr_v4_station/install/local_setup.ps1'
[7.312s] INFO:colcon.colcon_core.shell:Creating prefix util module '/home/colin/amr_v4_station/install/_local_setup_util_ps1.py'
[7.322s] INFO:colcon.colcon_core.shell:Creating prefix chain script '/home/colin/amr_v4_station/install/setup.ps1'
[7.328s] INFO:colcon.colcon_core.shell:Creating prefix script '/home/colin/amr_v4_station/install/local_setup.sh'
[7.334s] INFO:colcon.colcon_core.shell:Creating prefix util module '/home/colin/amr_v4_station/install/_local_setup_util_sh.py'
[7.338s] INFO:colcon.colcon_core.shell:Creating prefix chain script '/home/colin/amr_v4_station/install/setup.sh'
[7.346s] INFO:colcon.colcon_core.shell:Creating prefix script '/home/colin/amr_v4_station/install/local_setup.bash'
[7.351s] INFO:colcon.colcon_core.shell:Creating prefix chain script '/home/colin/amr_v4_station/install/setup.bash'
[7.359s] INFO:colcon.colcon_core.shell:Creating prefix script '/home/colin/amr_v4_station/install/local_setup.zsh'
[7.365s] INFO:colcon.colcon_core.shell:Creating prefix chain script '/home/colin/amr_v4_station/install/setup.zsh'
