[0.902s] Invoking command in '/home/colin/amr_v4_station/src/amr_v4_station': PYTHONPATH=/home/colin/amr_v4_station/build/amr_v4_station/prefix_override:/home/colin/amr_v4_station/install/amr_v4_station/lib/python3.10/site-packages:${PYTHONPATH} /usr/bin/python3 -W ignore:setup.py install is deprecated setup.py egg_info --egg-base ../../build/amr_v4_station build --build-base /home/colin/amr_v4_station/build/amr_v4_station/build install --record /home/colin/amr_v4_station/build/amr_v4_station/install.log --single-version-externally-managed install_data
[1.215s] running egg_info
[1.216s] writing ../../build/amr_v4_station/amr_v4_station.egg-info/PKG-INFO
[1.218s] writing dependency_links to ../../build/amr_v4_station/amr_v4_station.egg-info/dependency_links.txt
[1.218s] writing entry points to ../../build/amr_v4_station/amr_v4_station.egg-info/entry_points.txt
[1.219s] writing requirements to ../../build/amr_v4_station/amr_v4_station.egg-info/requires.txt
[1.219s] writing top-level names to ../../build/amr_v4_station/amr_v4_station.egg-info/top_level.txt
[1.220s] reading manifest file '../../build/amr_v4_station/amr_v4_station.egg-info/SOURCES.txt'
[1.221s] writing manifest file '../../build/amr_v4_station/amr_v4_station.egg-info/SOURCES.txt'
[1.222s] running build
[1.222s] running build_py
[1.222s] copying src/station.py -> /home/colin/amr_v4_station/build/amr_v4_station/build/lib/amr_v4_station
[1.223s] running install
[1.224s] running install_lib
[1.225s] copying /home/colin/amr_v4_station/build/amr_v4_station/build/lib/amr_v4_station/station.py -> /home/colin/amr_v4_station/install/amr_v4_station/lib/python3.10/site-packages/amr_v4_station
[1.225s] byte-compiling /home/colin/amr_v4_station/install/amr_v4_station/lib/python3.10/site-packages/amr_v4_station/station.py to station.cpython-310.pyc
[1.225s] running install_data
[1.225s] running install_egg_info
[1.226s] removing '/home/colin/amr_v4_station/install/amr_v4_station/lib/python3.10/site-packages/amr_v4_station-0.0.0-py3.10.egg-info' (and everything under it)
[1.228s] Copying ../../build/amr_v4_station/amr_v4_station.egg-info to /home/colin/amr_v4_station/install/amr_v4_station/lib/python3.10/site-packages/amr_v4_station-0.0.0-py3.10.egg-info
[1.228s] running install_scripts
[1.255s] Installing station script to /home/colin/amr_v4_station/install/amr_v4_station/lib/amr_v4_station
[1.256s] writing list of installed files to '/home/colin/amr_v4_station/build/amr_v4_station/install.log'
[1.313s] Invoked command in '/home/colin/amr_v4_station/src/amr_v4_station' returned '0': PYTHONPATH=/home/colin/amr_v4_station/build/amr_v4_station/prefix_override:/home/colin/amr_v4_station/install/amr_v4_station/lib/python3.10/site-packages:${PYTHONPATH} /usr/bin/python3 -W ignore:setup.py install is deprecated setup.py egg_info --egg-base ../../build/amr_v4_station build --build-base /home/colin/amr_v4_station/build/amr_v4_station/build install --record /home/colin/amr_v4_station/build/amr_v4_station/install.log --single-version-externally-managed install_data
