[1.262s] Invoking command in '/home/colin/amr_v4_station/src/amr_v4_station': PYTHONPATH=/home/colin/amr_v4_station/build/amr_v4_station/prefix_override:/home/colin/amr_v4_station/install/amr_v4_station/lib/python3.10/site-packages:${PYTHONPATH} /usr/bin/python3 -W ignore:setup.py install is deprecated setup.py egg_info --egg-base ../../build/amr_v4_station build --build-base /home/colin/amr_v4_station/build/amr_v4_station/build install --record /home/colin/amr_v4_station/build/amr_v4_station/install.log --single-version-externally-managed install_data
[1.751s] running egg_info
[1.752s] writing ../../build/amr_v4_station/amr_v4_station.egg-info/PKG-INFO
[1.756s] writing dependency_links to ../../build/amr_v4_station/amr_v4_station.egg-info/dependency_links.txt
[1.757s] writing entry points to ../../build/amr_v4_station/amr_v4_station.egg-info/entry_points.txt
[1.757s] writing requirements to ../../build/amr_v4_station/amr_v4_station.egg-info/requires.txt
[1.757s] writing top-level names to ../../build/amr_v4_station/amr_v4_station.egg-info/top_level.txt
[1.762s] reading manifest file '../../build/amr_v4_station/amr_v4_station.egg-info/SOURCES.txt'
[1.763s] writing manifest file '../../build/amr_v4_station/amr_v4_station.egg-info/SOURCES.txt'
[1.765s] running build
[1.765s] running build_py
[1.765s] copying src/station.py -> /home/colin/amr_v4_station/build/amr_v4_station/build/lib/amr_v4_station
[1.765s] running install
[1.768s] running install_lib
[1.768s] copying /home/colin/amr_v4_station/build/amr_v4_station/build/lib/amr_v4_station/station.py -> /home/colin/amr_v4_station/install/amr_v4_station/lib/python3.10/site-packages/amr_v4_station
[1.769s] byte-compiling /home/colin/amr_v4_station/install/amr_v4_station/lib/python3.10/site-packages/amr_v4_station/station.py to station.cpython-310.pyc
[1.771s] running install_data
[1.771s] running install_egg_info
[1.773s] removing '/home/colin/amr_v4_station/install/amr_v4_station/lib/python3.10/site-packages/amr_v4_station-0.0.0-py3.10.egg-info' (and everything under it)
[1.779s] Copying ../../build/amr_v4_station/amr_v4_station.egg-info to /home/colin/amr_v4_station/install/amr_v4_station/lib/python3.10/site-packages/amr_v4_station-0.0.0-py3.10.egg-info
[1.781s] running install_scripts
[1.819s] Installing station script to /home/colin/amr_v4_station/install/amr_v4_station/lib/amr_v4_station
[1.819s] writing list of installed files to '/home/colin/amr_v4_station/build/amr_v4_station/install.log'
[1.868s] Invoked command in '/home/colin/amr_v4_station/src/amr_v4_station' returned '0': PYTHONPATH=/home/colin/amr_v4_station/build/amr_v4_station/prefix_override:/home/colin/amr_v4_station/install/amr_v4_station/lib/python3.10/site-packages:${PYTHONPATH} /usr/bin/python3 -W ignore:setup.py install is deprecated setup.py egg_info --egg-base ../../build/amr_v4_station build --build-base /home/colin/amr_v4_station/build/amr_v4_station/build install --record /home/colin/amr_v4_station/build/amr_v4_station/install.log --single-version-externally-managed install_data
