[3.047s] Invoking command in '/home/colin/amr_v4_station/src/amr_v4_station': PYTHONPATH=/home/colin/amr_v4_station/build/amr_v4_station/prefix_override:/home/colin/amr_v4_station/install/amr_v4_station/lib/python3.10/site-packages:${PYTHONPATH} /usr/bin/python3 -W ignore:setup.py install is deprecated setup.py egg_info --egg-base ../../build/amr_v4_station build --build-base /home/colin/amr_v4_station/build/amr_v4_station/build install --record /home/colin/amr_v4_station/build/amr_v4_station/install.log --single-version-externally-managed install_data
[4.191s] running egg_info
[4.194s] writing ../../build/amr_v4_station/amr_v4_station.egg-info/PKG-INFO
[4.196s] writing dependency_links to ../../build/amr_v4_station/amr_v4_station.egg-info/dependency_links.txt
[4.197s] writing entry points to ../../build/amr_v4_station/amr_v4_station.egg-info/entry_points.txt
[4.198s] writing requirements to ../../build/amr_v4_station/amr_v4_station.egg-info/requires.txt
[4.200s] writing top-level names to ../../build/amr_v4_station/amr_v4_station.egg-info/top_level.txt
[4.207s] reading manifest file '../../build/amr_v4_station/amr_v4_station.egg-info/SOURCES.txt'
[4.211s] writing manifest file '../../build/amr_v4_station/amr_v4_station.egg-info/SOURCES.txt'
[4.212s] running build
[4.212s] running build_py
[4.213s] copying src/station.py -> /home/colin/amr_v4_station/build/amr_v4_station/build/lib/amr_v4_station
[4.214s] running install
[4.215s] running install_lib
[4.219s] copying /home/colin/amr_v4_station/build/amr_v4_station/build/lib/amr_v4_station/station.py -> /home/colin/amr_v4_station/install/amr_v4_station/lib/python3.10/site-packages/amr_v4_station
[4.221s] byte-compiling /home/colin/amr_v4_station/install/amr_v4_station/lib/python3.10/site-packages/amr_v4_station/station.py to station.cpython-310.pyc
[4.226s] running install_data
[4.227s] running install_egg_info
[4.234s] removing '/home/colin/amr_v4_station/install/amr_v4_station/lib/python3.10/site-packages/amr_v4_station-0.0.0-py3.10.egg-info' (and everything under it)
[4.236s] Copying ../../build/amr_v4_station/amr_v4_station.egg-info to /home/colin/amr_v4_station/install/amr_v4_station/lib/python3.10/site-packages/amr_v4_station-0.0.0-py3.10.egg-info
[4.242s] running install_scripts
[4.326s] Installing station script to /home/colin/amr_v4_station/install/amr_v4_station/lib/amr_v4_station
[4.328s] writing list of installed files to '/home/colin/amr_v4_station/build/amr_v4_station/install.log'
[4.469s] Invoked command in '/home/colin/amr_v4_station/src/amr_v4_station' returned '0': PYTHONPATH=/home/colin/amr_v4_station/build/amr_v4_station/prefix_override:/home/colin/amr_v4_station/install/amr_v4_station/lib/python3.10/site-packages:${PYTHONPATH} /usr/bin/python3 -W ignore:setup.py install is deprecated setup.py egg_info --egg-base ../../build/amr_v4_station build --build-base /home/colin/amr_v4_station/build/amr_v4_station/build install --record /home/colin/amr_v4_station/build/amr_v4_station/install.log --single-version-externally-managed install_data
