[0.468s] DEBUG:colcon:Command line arguments: ['/usr/bin/colcon', 'build']
[0.468s] DEBUG:colcon:Parsed command line arguments: Namespace(log_base=None, log_level=None, verb_name='build', build_base='build', install_base='install', merge_install=False, symlink_install=False, test_result_base=None, continue_on_error=False, executor='parallel', parallel_workers=4, event_handlers=None, ignore_user_meta=False, metas=['./colcon.meta'], base_paths=['.'], packages_ignore=None, packages_ignore_regex=None, paths=None, packages_up_to=None, packages_up_to_regex=None, packages_above=None, packages_above_and_dependencies=None, packages_above_depth=None, packages_select_by_dep=None, packages_skip_by_dep=None, packages_skip_up_to=None, packages_select_build_failed=False, packages_skip_build_finished=False, packages_select_test_failures=False, packages_skip_test_passed=False, packages_select=None, packages_skip=None, packages_select_regex=None, packages_skip_regex=None, packages_start=None, packages_end=None, allow_overriding=[], cmake_args=None, cmake_target=None, cmake_target_skip_unavailable=False, cmake_clean_cache=False, cmake_clean_first=False, cmake_force_configure=False, ament_cmake_args=None, catkin_cmake_args=None, catkin_skip_building_tests=False, mixin_files=None, mixin=None, verb_parser=<colcon_mixin.mixin.mixin_argument.MixinArgumentDecorator object at 0xffffa0cb1e40>, verb_extension=<colcon_core.verb.build.BuildVerb object at 0xffffa0dd2440>, main=<bound method BuildVerb.main of <colcon_core.verb.build.BuildVerb object at 0xffffa0dd2440>>, mixin_verb=('build',))
[1.428s] Level 1:colcon.colcon_core.package_discovery:discover_packages(colcon_meta) check parameters
[1.429s] Level 1:colcon.colcon_core.package_discovery:discover_packages(recursive) check parameters
[1.429s] Level 1:colcon.colcon_core.package_discovery:discover_packages(ignore) check parameters
[1.429s] Level 1:colcon.colcon_core.package_discovery:discover_packages(path) check parameters
[1.429s] Level 1:colcon.colcon_core.package_discovery:discover_packages(colcon_meta) discover
[1.430s] Level 1:colcon.colcon_core.package_discovery:discover_packages(recursive) discover
[1.430s] INFO:colcon.colcon_core.package_discovery:Crawling recursively for packages in '/home/colin/amr_v4_station'
[1.430s] Level 1:colcon.colcon_core.package_identification:_identify(.) by extensions ['ignore', 'ignore_ament_install']
[1.431s] Level 1:colcon.colcon_core.package_identification:_identify(.) by extension 'ignore'
[1.431s] Level 1:colcon.colcon_core.package_identification:_identify(.) by extension 'ignore_ament_install'
[1.431s] Level 1:colcon.colcon_core.package_identification:_identify(.) by extensions ['colcon_pkg']
[1.431s] Level 1:colcon.colcon_core.package_identification:_identify(.) by extension 'colcon_pkg'
[1.432s] Level 1:colcon.colcon_core.package_identification:_identify(.) by extensions ['colcon_meta']
[1.432s] Level 1:colcon.colcon_core.package_identification:_identify(.) by extension 'colcon_meta'
[1.432s] Level 1:colcon.colcon_core.package_identification:_identify(.) by extensions ['ros']
[1.432s] Level 1:colcon.colcon_core.package_identification:_identify(.) by extension 'ros'
[1.479s] Level 1:colcon.colcon_core.package_identification:_identify(.) by extensions ['cmake', 'python']
[1.479s] Level 1:colcon.colcon_core.package_identification:_identify(.) by extension 'cmake'
[1.479s] Level 1:colcon.colcon_core.package_identification:_identify(.) by extension 'python'
[1.479s] Level 1:colcon.colcon_core.package_identification:_identify(.) by extensions ['python_setup_py']
[1.479s] Level 1:colcon.colcon_core.package_identification:_identify(.) by extension 'python_setup_py'
[1.480s] Level 1:colcon.colcon_core.package_identification:_identify(build) by extensions ['ignore', 'ignore_ament_install']
[1.480s] Level 1:colcon.colcon_core.package_identification:_identify(build) by extension 'ignore'
[1.481s] Level 1:colcon.colcon_core.package_identification:_identify(build) ignored
[1.481s] Level 1:colcon.colcon_core.package_identification:_identify(install) by extensions ['ignore', 'ignore_ament_install']
[1.482s] Level 1:colcon.colcon_core.package_identification:_identify(install) by extension 'ignore'
[1.482s] Level 1:colcon.colcon_core.package_identification:_identify(install) ignored
[1.484s] Level 1:colcon.colcon_core.package_identification:_identify(log) by extensions ['ignore', 'ignore_ament_install']
[1.484s] Level 1:colcon.colcon_core.package_identification:_identify(log) by extension 'ignore'
[1.485s] Level 1:colcon.colcon_core.package_identification:_identify(log) ignored
[1.485s] Level 1:colcon.colcon_core.package_identification:_identify(src) by extensions ['ignore', 'ignore_ament_install']
[1.485s] Level 1:colcon.colcon_core.package_identification:_identify(src) by extension 'ignore'
[1.486s] Level 1:colcon.colcon_core.package_identification:_identify(src) by extension 'ignore_ament_install'
[1.486s] Level 1:colcon.colcon_core.package_identification:_identify(src) by extensions ['colcon_pkg']
[1.486s] Level 1:colcon.colcon_core.package_identification:_identify(src) by extension 'colcon_pkg'
[1.486s] Level 1:colcon.colcon_core.package_identification:_identify(src) by extensions ['colcon_meta']
[1.486s] Level 1:colcon.colcon_core.package_identification:_identify(src) by extension 'colcon_meta'
[1.486s] Level 1:colcon.colcon_core.package_identification:_identify(src) by extensions ['ros']
[1.487s] Level 1:colcon.colcon_core.package_identification:_identify(src) by extension 'ros'
[1.487s] Level 1:colcon.colcon_core.package_identification:_identify(src) by extensions ['cmake', 'python']
[1.487s] Level 1:colcon.colcon_core.package_identification:_identify(src) by extension 'cmake'
[1.487s] Level 1:colcon.colcon_core.package_identification:_identify(src) by extension 'python'
[1.487s] Level 1:colcon.colcon_core.package_identification:_identify(src) by extensions ['python_setup_py']
[1.487s] Level 1:colcon.colcon_core.package_identification:_identify(src) by extension 'python_setup_py'
[1.488s] Level 1:colcon.colcon_core.package_identification:_identify(src/amr_v4_station) by extensions ['ignore', 'ignore_ament_install']
[1.488s] Level 1:colcon.colcon_core.package_identification:_identify(src/amr_v4_station) by extension 'ignore'
[1.489s] Level 1:colcon.colcon_core.package_identification:_identify(src/amr_v4_station) by extension 'ignore_ament_install'
[1.489s] Level 1:colcon.colcon_core.package_identification:_identify(src/amr_v4_station) by extensions ['colcon_pkg']
[1.489s] Level 1:colcon.colcon_core.package_identification:_identify(src/amr_v4_station) by extension 'colcon_pkg'
[1.489s] Level 1:colcon.colcon_core.package_identification:_identify(src/amr_v4_station) by extensions ['colcon_meta']
[1.489s] Level 1:colcon.colcon_core.package_identification:_identify(src/amr_v4_station) by extension 'colcon_meta'
[1.490s] Level 1:colcon.colcon_core.package_identification:_identify(src/amr_v4_station) by extensions ['ros']
[1.490s] Level 1:colcon.colcon_core.package_identification:_identify(src/amr_v4_station) by extension 'ros'
[1.498s] DEBUG:colcon.colcon_core.package_identification:Package 'src/amr_v4_station' with type 'ros.ament_python' and name 'amr_v4_station'
[1.499s] Level 1:colcon.colcon_core.package_discovery:discover_packages(recursive) using defaults
[1.499s] Level 1:colcon.colcon_core.package_discovery:discover_packages(ignore) discover
[1.499s] Level 1:colcon.colcon_core.package_discovery:discover_packages(ignore) using defaults
[1.499s] Level 1:colcon.colcon_core.package_discovery:discover_packages(path) discover
[1.499s] Level 1:colcon.colcon_core.package_discovery:discover_packages(path) using defaults
[1.623s] Level 1:colcon.colcon_core.package_discovery:discover_packages(prefix_path) check parameters
[1.623s] Level 1:colcon.colcon_core.package_discovery:discover_packages(prefix_path) discover
[1.632s] DEBUG:colcon.colcon_installed_package_information.package_discovery:Found 1 installed packages in /home/colin/amr_v4_station/install
[1.641s] DEBUG:colcon.colcon_installed_package_information.package_discovery:Found 270 installed packages in /opt/ros/humble
[1.647s] Level 1:colcon.colcon_core.package_discovery:discover_packages(prefix_path) using defaults
[1.810s] Level 5:colcon.colcon_core.verb:set package 'amr_v4_station' build argument 'cmake_args' from command line to 'None'
[1.811s] Level 5:colcon.colcon_core.verb:set package 'amr_v4_station' build argument 'cmake_target' from command line to 'None'
[1.811s] Level 5:colcon.colcon_core.verb:set package 'amr_v4_station' build argument 'cmake_target_skip_unavailable' from command line to 'False'
[1.811s] Level 5:colcon.colcon_core.verb:set package 'amr_v4_station' build argument 'cmake_clean_cache' from command line to 'False'
[1.811s] Level 5:colcon.colcon_core.verb:set package 'amr_v4_station' build argument 'cmake_clean_first' from command line to 'False'
[1.811s] Level 5:colcon.colcon_core.verb:set package 'amr_v4_station' build argument 'cmake_force_configure' from command line to 'False'
[1.811s] Level 5:colcon.colcon_core.verb:set package 'amr_v4_station' build argument 'ament_cmake_args' from command line to 'None'
[1.811s] Level 5:colcon.colcon_core.verb:set package 'amr_v4_station' build argument 'catkin_cmake_args' from command line to 'None'
[1.812s] Level 5:colcon.colcon_core.verb:set package 'amr_v4_station' build argument 'catkin_skip_building_tests' from command line to 'False'
[1.812s] DEBUG:colcon.colcon_core.verb:Building package 'amr_v4_station' with the following arguments: {'ament_cmake_args': None, 'build_base': '/home/colin/amr_v4_station/build/amr_v4_station', 'catkin_cmake_args': None, 'catkin_skip_building_tests': False, 'cmake_args': None, 'cmake_clean_cache': False, 'cmake_clean_first': False, 'cmake_force_configure': False, 'cmake_target': None, 'cmake_target_skip_unavailable': False, 'install_base': '/home/colin/amr_v4_station/install/amr_v4_station', 'merge_install': False, 'path': '/home/colin/amr_v4_station/src/amr_v4_station', 'symlink_install': False, 'test_result_base': None}
[1.812s] INFO:colcon.colcon_core.executor:Executing jobs using 'parallel' executor
[1.816s] DEBUG:colcon.colcon_parallel_executor.executor.parallel:run_until_complete
[1.817s] INFO:colcon.colcon_ros.task.ament_python.build:Building ROS package in '/home/colin/amr_v4_station/src/amr_v4_station' with build type 'ament_python'
[1.818s] Level 1:colcon.colcon_core.shell:create_environment_hook('amr_v4_station', 'ament_prefix_path')
[1.826s] INFO:colcon.colcon_core.plugin_system:Skipping extension 'colcon_core.shell.bat': Not used on non-Windows systems
[1.827s] INFO:colcon.colcon_core.shell:Creating environment hook '/home/colin/amr_v4_station/install/amr_v4_station/share/amr_v4_station/hook/ament_prefix_path.ps1'
[1.831s] INFO:colcon.colcon_core.shell:Creating environment descriptor '/home/colin/amr_v4_station/install/amr_v4_station/share/amr_v4_station/hook/ament_prefix_path.dsv'
[1.836s] INFO:colcon.colcon_core.shell:Creating environment hook '/home/colin/amr_v4_station/install/amr_v4_station/share/amr_v4_station/hook/ament_prefix_path.sh'
[1.842s] INFO:colcon.colcon_core.shell:Skip shell extension 'powershell' for command environment: Not usable outside of PowerShell
[1.842s] DEBUG:colcon.colcon_core.shell:Skip shell extension 'dsv' for command environment
[3.098s] WARNING:colcon.colcon_ros.task.ament_python.build:Package 'amr_v4_station' doesn't explicitly install the 'package.xml' file (colcon-ros currently does it implicitly but that fallback will be removed in the future)
[3.100s] INFO:colcon.colcon_core.task.python.build:Building Python package in '/home/colin/amr_v4_station/src/amr_v4_station'
[3.101s] INFO:colcon.colcon_core.shell:Skip shell extension 'powershell' for command environment: Not usable outside of PowerShell
[3.101s] DEBUG:colcon.colcon_core.shell:Skip shell extension 'dsv' for command environment
[4.661s] DEBUG:colcon.colcon_core.event_handler.log_command:Invoking command in '/home/colin/amr_v4_station/src/amr_v4_station': PYTHONPATH=/home/colin/amr_v4_station/build/amr_v4_station/prefix_override:/home/colin/amr_v4_station/install/amr_v4_station/lib/python3.10/site-packages:${PYTHONPATH} /usr/bin/python3 -W ignore:setup.py install is deprecated setup.py egg_info --egg-base ../../build/amr_v4_station build --build-base /home/colin/amr_v4_station/build/amr_v4_station/build install --record /home/colin/amr_v4_station/build/amr_v4_station/install.log --single-version-externally-managed install_data
[6.073s] DEBUG:colcon.colcon_core.event_handler.log_command:Invoked command in '/home/colin/amr_v4_station/src/amr_v4_station' returned '0': PYTHONPATH=/home/colin/amr_v4_station/build/amr_v4_station/prefix_override:/home/colin/amr_v4_station/install/amr_v4_station/lib/python3.10/site-packages:${PYTHONPATH} /usr/bin/python3 -W ignore:setup.py install is deprecated setup.py egg_info --egg-base ../../build/amr_v4_station build --build-base /home/colin/amr_v4_station/build/amr_v4_station/build install --record /home/colin/amr_v4_station/build/amr_v4_station/install.log --single-version-externally-managed install_data
[6.090s] Level 1:colcon.colcon_core.environment:checking '/home/colin/amr_v4_station/install/amr_v4_station' for CMake module files
[6.093s] Level 1:colcon.colcon_core.environment:checking '/home/colin/amr_v4_station/install/amr_v4_station' for CMake config files
[6.097s] Level 1:colcon.colcon_core.environment:checking '/home/colin/amr_v4_station/install/amr_v4_station/lib'
[6.098s] Level 1:colcon.colcon_core.environment:checking '/home/colin/amr_v4_station/install/amr_v4_station/bin'
[6.098s] Level 1:colcon.colcon_core.environment:checking '/home/colin/amr_v4_station/install/amr_v4_station/lib/pkgconfig/amr_v4_station.pc'
[6.099s] Level 1:colcon.colcon_core.environment:checking '/home/colin/amr_v4_station/install/amr_v4_station/lib/python3.10/site-packages'
[6.099s] Level 1:colcon.colcon_core.shell:create_environment_hook('amr_v4_station', 'pythonpath')
[6.100s] INFO:colcon.colcon_core.shell:Creating environment hook '/home/colin/amr_v4_station/install/amr_v4_station/share/amr_v4_station/hook/pythonpath.ps1'
[6.102s] INFO:colcon.colcon_core.shell:Creating environment descriptor '/home/colin/amr_v4_station/install/amr_v4_station/share/amr_v4_station/hook/pythonpath.dsv'
[6.104s] INFO:colcon.colcon_core.shell:Creating environment hook '/home/colin/amr_v4_station/install/amr_v4_station/share/amr_v4_station/hook/pythonpath.sh'
[6.107s] Level 1:colcon.colcon_core.environment:checking '/home/colin/amr_v4_station/install/amr_v4_station/bin'
[6.107s] Level 1:colcon.colcon_core.environment:create_environment_scripts_only(amr_v4_station)
[6.109s] INFO:colcon.colcon_core.shell:Creating package script '/home/colin/amr_v4_station/install/amr_v4_station/share/amr_v4_station/package.ps1'
[6.112s] INFO:colcon.colcon_core.shell:Creating package descriptor '/home/colin/amr_v4_station/install/amr_v4_station/share/amr_v4_station/package.dsv'
[6.115s] INFO:colcon.colcon_core.shell:Creating package script '/home/colin/amr_v4_station/install/amr_v4_station/share/amr_v4_station/package.sh'
[6.118s] INFO:colcon.colcon_core.shell:Creating package script '/home/colin/amr_v4_station/install/amr_v4_station/share/amr_v4_station/package.bash'
[6.122s] INFO:colcon.colcon_core.shell:Creating package script '/home/colin/amr_v4_station/install/amr_v4_station/share/amr_v4_station/package.zsh'
[6.125s] Level 1:colcon.colcon_core.environment:create_file_with_runtime_dependencies(/home/colin/amr_v4_station/install/amr_v4_station/share/colcon-core/packages/amr_v4_station)
[6.126s] DEBUG:colcon.colcon_parallel_executor.executor.parallel:closing loop
[6.128s] DEBUG:colcon.colcon_parallel_executor.executor.parallel:loop closed
[6.128s] DEBUG:colcon.colcon_parallel_executor.executor.parallel:run_until_complete finished with '0'
[6.129s] DEBUG:colcon.colcon_core.event_reactor:joining thread
[6.155s] INFO:colcon.colcon_core.plugin_system:Skipping extension 'colcon_notification.desktop_notification.terminal_notifier': Not used on non-Darwin systems
[6.155s] INFO:colcon.colcon_core.plugin_system:Skipping extension 'colcon_notification.desktop_notification.win32': Not used on non-Windows systems
[6.156s] INFO:colcon.colcon_notification.desktop_notification:Sending desktop notification using 'notify2'
[6.209s] DEBUG:colcon.colcon_core.event_reactor:joined thread
[6.211s] INFO:colcon.colcon_core.shell:Creating prefix script '/home/colin/amr_v4_station/install/local_setup.ps1'
[6.215s] INFO:colcon.colcon_core.shell:Creating prefix util module '/home/colin/amr_v4_station/install/_local_setup_util_ps1.py'
[6.222s] INFO:colcon.colcon_core.shell:Creating prefix chain script '/home/colin/amr_v4_station/install/setup.ps1'
[6.230s] INFO:colcon.colcon_core.shell:Creating prefix script '/home/colin/amr_v4_station/install/local_setup.sh'
[6.234s] INFO:colcon.colcon_core.shell:Creating prefix util module '/home/colin/amr_v4_station/install/_local_setup_util_sh.py'
[6.239s] INFO:colcon.colcon_core.shell:Creating prefix chain script '/home/colin/amr_v4_station/install/setup.sh'
[6.245s] INFO:colcon.colcon_core.shell:Creating prefix script '/home/colin/amr_v4_station/install/local_setup.bash'
[6.248s] INFO:colcon.colcon_core.shell:Creating prefix chain script '/home/colin/amr_v4_station/install/setup.bash'
[6.256s] INFO:colcon.colcon_core.shell:Creating prefix script '/home/colin/amr_v4_station/install/local_setup.zsh'
[6.259s] INFO:colcon.colcon_core.shell:Creating prefix chain script '/home/colin/amr_v4_station/install/setup.zsh'
