[2.887s] Invoking command in '/home/colin/amr_v4_station/src/amr_v4_station': PYTHONPATH=/home/colin/amr_v4_station/build/amr_v4_station/prefix_override:/home/colin/amr_v4_station/install/amr_v4_station/lib/python3.10/site-packages:${PYTHONPATH} /usr/bin/python3 -W ignore:setup.py install is deprecated setup.py egg_info --egg-base ../../build/amr_v4_station build --build-base /home/colin/amr_v4_station/build/amr_v4_station/build install --record /home/colin/amr_v4_station/build/amr_v4_station/install.log --single-version-externally-managed install_data
[4.034s] running egg_info
[4.037s] writing ../../build/amr_v4_station/amr_v4_station.egg-info/PKG-INFO
[4.038s] writing dependency_links to ../../build/amr_v4_station/amr_v4_station.egg-info/dependency_links.txt
[4.039s] writing entry points to ../../build/amr_v4_station/amr_v4_station.egg-info/entry_points.txt
[4.041s] writing requirements to ../../build/amr_v4_station/amr_v4_station.egg-info/requires.txt
[4.042s] writing top-level names to ../../build/amr_v4_station/amr_v4_station.egg-info/top_level.txt
[4.050s] reading manifest file '../../build/amr_v4_station/amr_v4_station.egg-info/SOURCES.txt'
[4.054s] writing manifest file '../../build/amr_v4_station/amr_v4_station.egg-info/SOURCES.txt'
[4.055s] running build
[4.055s] running build_py
[4.056s] copying src/station.py -> /home/colin/amr_v4_station/build/amr_v4_station/build/lib/amr_v4_station
[4.058s] running install
[4.059s] running install_lib
[4.067s] copying /home/colin/amr_v4_station/build/amr_v4_station/build/lib/amr_v4_station/station.py -> /home/colin/amr_v4_station/install/amr_v4_station/lib/python3.10/site-packages/amr_v4_station
[4.069s] byte-compiling /home/colin/amr_v4_station/install/amr_v4_station/lib/python3.10/site-packages/amr_v4_station/station.py to station.cpython-310.pyc
[4.070s]   File "/home/colin/amr_v4_station/install/amr_v4_station/lib/python3.10/site-packages/amr_v4_station/station.py", line 29
[4.071s]     'DRIVER={'{}'};SERVER={};DATABASE={};UID={};PWD={}'.format(
[4.071s]     ^^^^^^^^^^^^
[4.072s] SyntaxError: invalid syntax. Perhaps you forgot a comma?
[4.072s] 
[4.072s] running install_data
[4.073s] running install_egg_info
[4.079s] removing '/home/colin/amr_v4_station/install/amr_v4_station/lib/python3.10/site-packages/amr_v4_station-0.0.0-py3.10.egg-info' (and everything under it)
[4.081s] Copying ../../build/amr_v4_station/amr_v4_station.egg-info to /home/colin/amr_v4_station/install/amr_v4_station/lib/python3.10/site-packages/amr_v4_station-0.0.0-py3.10.egg-info
[4.087s] running install_scripts
[4.170s] Installing station script to /home/colin/amr_v4_station/install/amr_v4_station/lib/amr_v4_station
[4.172s] writing list of installed files to '/home/colin/amr_v4_station/build/amr_v4_station/install.log'
[4.296s] Invoked command in '/home/colin/amr_v4_station/src/amr_v4_station' returned '0': PYTHONPATH=/home/colin/amr_v4_station/build/amr_v4_station/prefix_override:/home/colin/amr_v4_station/install/amr_v4_station/lib/python3.10/site-packages:${PYTHONPATH} /usr/bin/python3 -W ignore:setup.py install is deprecated setup.py egg_info --egg-base ../../build/amr_v4_station build --build-base /home/colin/amr_v4_station/build/amr_v4_station/build install --record /home/colin/amr_v4_station/build/amr_v4_station/install.log --single-version-externally-managed install_data
