[0.949s] Invoking command in '/home/colin/amr_v4_station/src/amr_v4_station': PYTHONPATH=/home/colin/amr_v4_station/build/amr_v4_station/prefix_override:/home/colin/amr_v4_station/install/amr_v4_station/lib/python3.10/site-packages:${PYTHONPATH} /usr/bin/python3 -W ignore:setup.py install is deprecated setup.py egg_info --egg-base ../../build/amr_v4_station build --build-base /home/colin/amr_v4_station/build/amr_v4_station/build install --record /home/colin/amr_v4_station/build/amr_v4_station/install.log --single-version-externally-managed install_data
[1.327s] running egg_info
[1.330s] writing ../../build/amr_v4_station/amr_v4_station.egg-info/PKG-INFO
[1.331s] writing dependency_links to ../../build/amr_v4_station/amr_v4_station.egg-info/dependency_links.txt
[1.332s] writing entry points to ../../build/amr_v4_station/amr_v4_station.egg-info/entry_points.txt
[1.332s] writing requirements to ../../build/amr_v4_station/amr_v4_station.egg-info/requires.txt
[1.333s] writing top-level names to ../../build/amr_v4_station/amr_v4_station.egg-info/top_level.txt
[1.340s] reading manifest file '../../build/amr_v4_station/amr_v4_station.egg-info/SOURCES.txt'
[1.342s] writing manifest file '../../build/amr_v4_station/amr_v4_station.egg-info/SOURCES.txt'
[1.342s] running build
[1.342s] running build_py
[1.342s] copying src/station.py -> /home/colin/amr_v4_station/build/amr_v4_station/build/lib/amr_v4_station
[1.343s] running install
[1.343s] running install_lib
[1.345s] copying /home/colin/amr_v4_station/build/amr_v4_station/build/lib/amr_v4_station/station.py -> /home/colin/amr_v4_station/install/amr_v4_station/lib/python3.10/site-packages/amr_v4_station
[1.345s] byte-compiling /home/colin/amr_v4_station/install/amr_v4_station/lib/python3.10/site-packages/amr_v4_station/station.py to station.cpython-310.pyc
[1.346s] running install_data
[1.347s] running install_egg_info
[1.349s] removing '/home/colin/amr_v4_station/install/amr_v4_station/lib/python3.10/site-packages/amr_v4_station-0.0.0-py3.10.egg-info' (and everything under it)
[1.356s] Copying ../../build/amr_v4_station/amr_v4_station.egg-info to /home/colin/amr_v4_station/install/amr_v4_station/lib/python3.10/site-packages/amr_v4_station-0.0.0-py3.10.egg-info
[1.360s] running install_scripts
[1.389s] Installing station script to /home/colin/amr_v4_station/install/amr_v4_station/lib/amr_v4_station
[1.390s] writing list of installed files to '/home/colin/amr_v4_station/build/amr_v4_station/install.log'
[1.432s] Invoked command in '/home/colin/amr_v4_station/src/amr_v4_station' returned '0': PYTHONPATH=/home/colin/amr_v4_station/build/amr_v4_station/prefix_override:/home/colin/amr_v4_station/install/amr_v4_station/lib/python3.10/site-packages:${PYTHONPATH} /usr/bin/python3 -W ignore:setup.py install is deprecated setup.py egg_info --egg-base ../../build/amr_v4_station build --build-base /home/colin/amr_v4_station/build/amr_v4_station/build install --record /home/colin/amr_v4_station/build/amr_v4_station/install.log --single-version-externally-managed install_data
